<?xml version="1.0" encoding="UTF-8"?>
<testng-results skipped="0" failed="1" total="9" passed="8">
  <reporter-output>
  </reporter-output>
  <suite name="Suite" duration-ms="14287" started-at="2021-10-11T07:43:51Z" finished-at="2021-10-11T07:44:05Z">
    <groups>
    </groups>
    <test name="Check Amazone Product Price" duration-ms="14287" started-at="2021-10-11T07:43:51Z" finished-at="2021-10-11T07:44:05Z">
      <class name="UdmeyAutomation_Selenium.SeleniumE2Eproj.LandingTest">
        <test-method status="PASS" signature="navigateToAmazone()[pri:0, instance:UdmeyAutomation_Selenium.SeleniumE2Eproj.LandingTest@61c4eee0]" name="navigateToAmazone" duration-ms="3625" started-at="2021-10-11T13:13:51Z" finished-at="2021-10-11T13:13:55Z">
          <reporter-output>
          </reporter-output>
        </test-method> <!-- navigateToAmazone -->
        <test-method status="PASS" signature="selectBestSeller()[pri:0, instance:UdmeyAutomation_Selenium.SeleniumE2Eproj.LandingTest@61c4eee0]" name="selectBestSeller" duration-ms="1346" started-at="2021-10-11T13:13:55Z" finished-at="2021-10-11T13:13:56Z">
          <reporter-output>
          </reporter-output>
        </test-method> <!-- selectBestSeller -->
        <test-method status="PASS" signature="verifyTitle()[pri:0, instance:UdmeyAutomation_Selenium.SeleniumE2Eproj.LandingTest@61c4eee0]" name="verifyTitle" duration-ms="163" started-at="2021-10-11T13:13:56Z" finished-at="2021-10-11T13:13:56Z">
          <reporter-output>
          </reporter-output>
        </test-method> <!-- verifyTitle -->
        <test-method status="PASS" signature="NavigateToBestElectronics()[pri:0, instance:UdmeyAutomation_Selenium.SeleniumE2Eproj.LandingTest@61c4eee0]" name="NavigateToBestElectronics" duration-ms="1538" started-at="2021-10-11T13:13:56Z" finished-at="2021-10-11T13:13:58Z">
          <reporter-output>
          </reporter-output>
        </test-method> <!-- NavigateToBestElectronics -->
        <test-method status="PASS" signature="navigateToCompNAcc()[pri:0, instance:UdmeyAutomation_Selenium.SeleniumE2Eproj.LandingTest@61c4eee0]" name="navigateToCompNAcc" duration-ms="1535" started-at="2021-10-11T13:13:58Z" finished-at="2021-10-11T13:13:59Z">
          <reporter-output>
          </reporter-output>
        </test-method> <!-- navigateToCompNAcc -->
        <test-method status="PASS" signature="navigateToExternalHardDisc()[pri:0, instance:UdmeyAutomation_Selenium.SeleniumE2Eproj.LandingTest@61c4eee0]" name="navigateToExternalHardDisc" duration-ms="1578" started-at="2021-10-11T13:13:59Z" finished-at="2021-10-11T13:14:01Z">
          <reporter-output>
          </reporter-output>
        </test-method> <!-- navigateToExternalHardDisc -->
        <test-method status="FAIL" signature="navigateToSSD()[pri:0, instance:UdmeyAutomation_Selenium.SeleniumE2Eproj.LandingTest@61c4eee0]" name="navigateToSSD" duration-ms="1453" started-at="2021-10-11T13:14:01Z" finished-at="2021-10-11T13:14:02Z">
          <exception class="java.lang.AssertionError">
            <message>
              <![CDATA[expected [Amazon.in Bestsellers: The most popular items in External Solid State Drives123] but found [Amazon.in Bestsellers: The most popular items in External Solid State Drives]]]>
            </message>
            <full-stacktrace>
              <![CDATA[java.lang.AssertionError: expected [Amazon.in Bestsellers: The most popular items in External Solid State Drives123] but found [Amazon.in Bestsellers: The most popular items in External Solid State Drives]
	at org.testng.Assert.fail(Assert.java:94)
	at org.testng.Assert.failNotEquals(Assert.java:494)
	at org.testng.Assert.assertEquals(Assert.java:123)
	at org.testng.Assert.assertEquals(Assert.java:176)
	at org.testng.Assert.assertEquals(Assert.java:186)
	at UdmeyAutomation_Selenium.SeleniumE2Eproj.LandingTest.navigateToSSD(LandingTest.java:94)
	at sun.reflect.NativeMethodAccessorImpl.invoke0(Native Method)
	at sun.reflect.NativeMethodAccessorImpl.invoke(Unknown Source)
	at sun.reflect.DelegatingMethodAccessorImpl.invoke(Unknown Source)
	at java.lang.reflect.Method.invoke(Unknown Source)
	at org.testng.internal.MethodInvocationHelper.invokeMethod(MethodInvocationHelper.java:80)
	at org.testng.internal.Invoker.invokeMethod(Invoker.java:714)
	at org.testng.internal.Invoker.invokeTestMethod(Invoker.java:901)
	at org.testng.internal.Invoker.invokeTestMethods(Invoker.java:1231)
	at org.testng.internal.TestMethodWorker.invokeTestMethods(TestMethodWorker.java:127)
	at org.testng.internal.TestMethodWorker.run(TestMethodWorker.java:111)
	at org.testng.TestRunner.privateRun(TestRunner.java:767)
	at org.testng.TestRunner.run(TestRunner.java:617)
	at org.testng.SuiteRunner.runTest(SuiteRunner.java:334)
	at org.testng.SuiteRunner.runSequentially(SuiteRunner.java:329)
	at org.testng.SuiteRunner.privateRun(SuiteRunner.java:291)
	at org.testng.SuiteRunner.run(SuiteRunner.java:240)
	at org.testng.SuiteRunnerWorker.runSuite(SuiteRunnerWorker.java:52)
	at org.testng.SuiteRunnerWorker.run(SuiteRunnerWorker.java:86)
	at org.testng.TestNG.runSuitesSequentially(TestNG.java:1198)
	at org.testng.TestNG.runSuitesLocally(TestNG.java:1123)
	at org.testng.TestNG.run(TestNG.java:1031)
	at org.testng.remote.AbstractRemoteTestNG.run(AbstractRemoteTestNG.java:115)
	at org.testng.remote.RemoteTestNG.initAndRun(RemoteTestNG.java:251)
	at org.testng.remote.RemoteTestNG.main(RemoteTestNG.java:77)
]]>
            </full-stacktrace>
          </exception> <!-- java.lang.AssertionError -->
          <reporter-output>
          </reporter-output>
        </test-method> <!-- navigateToSSD -->
        <test-method status="PASS" signature="selectSSD()[pri:0, instance:UdmeyAutomation_Selenium.SeleniumE2Eproj.LandingTest@61c4eee0]" name="selectSSD" duration-ms="2583" started-at="2021-10-11T13:14:03Z" finished-at="2021-10-11T13:14:05Z">
          <reporter-output>
          </reporter-output>
        </test-method> <!-- selectSSD -->
        <test-method status="PASS" signature="ProductDetails()[pri:0, instance:UdmeyAutomation_Selenium.SeleniumE2Eproj.LandingTest@61c4eee0]" name="ProductDetails" duration-ms="71" started-at="2021-10-11T13:14:05Z" finished-at="2021-10-11T13:14:05Z">
          <reporter-output>
          </reporter-output>
        </test-method> <!-- ProductDetails -->
      </class> <!-- UdmeyAutomation_Selenium.SeleniumE2Eproj.LandingTest -->
    </test> <!-- Check Amazone Product Price -->
  </suite> <!-- Suite -->
</testng-results>
