<?xml version="1.0" encoding="UTF-8"?>
<!-- Generated by org.testng.reporters.JUnitReportReporter -->
<testsuite hostname="LAPTOP-3UMBTNR8" name="UdmeyAutomation_Selenium.SeleniumE2Eproj.LandingTest" tests="9" failures="0" timestamp="11 Oct 2021 07:44:05 GMT" time="13.892" errors="1">
  <testcase name="navigateToAmazone" time="3.625" classname="UdmeyAutomation_Selenium.SeleniumE2Eproj.LandingTest"/>
  <testcase name="navigateToSSD" time="1.453" classname="UdmeyAutomation_Selenium.SeleniumE2Eproj.LandingTest">
    <error type="java.lang.AssertionError" message="expected [Amazon.in Bestsellers: The most popular items in External Solid State Drives123] but found [Amazon.in Bestsellers: The most popular items in External Solid State Drives]">
      <![CDATA[java.lang.AssertionError: expected [Amazon.in Bestsellers: The most popular items in External Solid State Drives123] but found [Amazon.in Bestsellers: The most popular items in External Solid State Drives]
	at org.testng.Assert.fail(Assert.java:94)
	at org.testng.Assert.failNotEquals(Assert.java:494)
	at org.testng.Assert.assertEquals(Assert.java:123)
	at org.testng.Assert.assertEquals(Assert.java:176)
	at org.testng.Assert.assertEquals(Assert.java:186)
	at UdmeyAutomation_Selenium.SeleniumE2Eproj.LandingTest.navigateToSSD(LandingTest.java:94)
	at sun.reflect.NativeMethodAccessorImpl.invoke0(Native Method)
	at sun.reflect.NativeMethodAccessorImpl.invoke(Unknown Source)
	at sun.reflect.DelegatingMethodAccessorImpl.invoke(Unknown Source)
	at java.lang.reflect.Method.invoke(Unknown Source)
	at org.testng.internal.MethodInvocationHelper.invokeMethod(MethodInvocationHelper.java:80)
	at org.testng.internal.Invoker.invokeMethod(Invoker.java:714)
	at org.testng.internal.Invoker.invokeTestMethod(Invoker.java:901)
	at org.testng.internal.Invoker.invokeTestMethods(Invoker.java:1231)
	at org.testng.internal.TestMethodWorker.invokeTestMethods(TestMethodWorker.java:127)
	at org.testng.internal.TestMethodWorker.run(TestMethodWorker.java:111)
	at org.testng.TestRunner.privateRun(TestRunner.java:767)
	at org.testng.TestRunner.run(TestRunner.java:617)
	at org.testng.SuiteRunner.runTest(SuiteRunner.java:334)
	at org.testng.SuiteRunner.runSequentially(SuiteRunner.java:329)
	at org.testng.SuiteRunner.privateRun(SuiteRunner.java:291)
	at org.testng.SuiteRunner.run(SuiteRunner.java:240)
	at org.testng.SuiteRunnerWorker.runSuite(SuiteRunnerWorker.java:52)
	at org.testng.SuiteRunnerWorker.run(SuiteRunnerWorker.java:86)
	at org.testng.TestNG.runSuitesSequentially(TestNG.java:1198)
	at org.testng.TestNG.runSuitesLocally(TestNG.java:1123)
	at org.testng.TestNG.run(TestNG.java:1031)
	at org.testng.remote.AbstractRemoteTestNG.run(AbstractRemoteTestNG.java:115)
	at org.testng.remote.RemoteTestNG.initAndRun(RemoteTestNG.java:251)
	at org.testng.remote.RemoteTestNG.main(RemoteTestNG.java:77)
]]>
    </error>
  </testcase> <!-- navigateToSSD -->
  <testcase name="verifyTitle" time="0.163" classname="UdmeyAutomation_Selenium.SeleniumE2Eproj.LandingTest"/>
  <testcase name="navigateToCompNAcc" time="1.535" classname="UdmeyAutomation_Selenium.SeleniumE2Eproj.LandingTest"/>
  <testcase name="selectSSD" time="2.583" classname="UdmeyAutomation_Selenium.SeleniumE2Eproj.LandingTest"/>
  <testcase name="navigateToExternalHardDisc" time="1.578" classname="UdmeyAutomation_Selenium.SeleniumE2Eproj.LandingTest"/>
  <testcase name="NavigateToBestElectronics" time="1.538" classname="UdmeyAutomation_Selenium.SeleniumE2Eproj.LandingTest"/>
  <testcase name="ProductDetails" time="0.071" classname="UdmeyAutomation_Selenium.SeleniumE2Eproj.LandingTest"/>
  <testcase name="selectBestSeller" time="1.346" classname="UdmeyAutomation_Selenium.SeleniumE2Eproj.LandingTest"/>
</testsuite> <!-- UdmeyAutomation_Selenium.SeleniumE2Eproj.LandingTest -->
